\BOOKMARK [1][-]{section.1}{Introducci\363n Te\363rica}{}% 1
\BOOKMARK [2][-]{subsection.1.1}{k Nearest Neighbor y Principal Component Analysis}{section.1}% 2
\BOOKMARK [2][-]{subsection.1.2}{M\351todo de la potencia y deflaci\363n}{section.1}% 3
\BOOKMARK [1][-]{section.2}{Desarrollo}{}% 4
\BOOKMARK [2][-]{subsection.2.1}{k-Nearest Neighbors \(kNN\):}{section.2}% 5
\BOOKMARK [2][-]{subsection.2.2}{Principal Component Analysis \(PCA\):}{section.2}% 6
\BOOKMARK [2][-]{subsection.2.3}{K-Fold Cross Validation}{section.2}% 7
\BOOKMARK [2][-]{subsection.2.4}{Evaluaci\363n de los m\351todos}{section.2}% 8
\BOOKMARK [2][-]{subsection.2.5}{Elecci\363n de K, hip\363tesis 1}{section.2}% 9
\BOOKMARK [2][-]{subsection.2.6}{Experimento 1: Variando el k en kNN}{section.2}% 10
\BOOKMARK [2][-]{subsection.2.7}{Experimento 2: PCA + KNN}{section.2}% 11
\BOOKMARK [3][-]{subsubsection.2.7.1}{Variando k}{subsection.2.7}% 12
\BOOKMARK [3][-]{subsubsection.2.7.2}{Variando }{subsection.2.7}% 13
\BOOKMARK [1][-]{section.3}{Resultados}{}% 14
\BOOKMARK [2][-]{subsection.3.1}{Experimento 1}{section.3}% 15
\BOOKMARK [2][-]{subsection.3.2}{Experimento 2}{section.3}% 16
\BOOKMARK [3][-]{subsubsection.3.2.1}{Variando k}{subsection.3.2}% 17
\BOOKMARK [3][-]{subsubsection.3.2.2}{Variando }{subsection.3.2}% 18
\BOOKMARK [1][-]{section.4}{Discusi\363n}{}% 19
\BOOKMARK [2][-]{subsection.4.1}{Hip\363tesis 1:}{section.4}% 20
\BOOKMARK [2][-]{subsection.4.2}{Experimento 1:}{section.4}% 21
\BOOKMARK [2][-]{subsection.4.3}{Experimento 2:}{section.4}% 22
\BOOKMARK [3][-]{subsubsection.4.3.1}{Variando k}{subsection.4.3}% 23
\BOOKMARK [3][-]{subsubsection.4.3.2}{Variando }{subsection.4.3}% 24
\BOOKMARK [2][-]{subsection.4.4}{Competencia Kaggle}{section.4}% 25
\BOOKMARK [1][-]{section.5}{Conclusiones}{}% 26
\BOOKMARK [1][-]{section.6}{Ap\351ndices}{}% 27
\BOOKMARK [2][-]{subsection.6.1}{Ap\351ndice B:}{section.6}% 28
