\BOOKMARK [1][-]{section.1}{Introducci\363n Te\363rica}{}% 1
\BOOKMARK [1][-]{section.2}{Introducci\363n:}{}% 2
\BOOKMARK [1][-]{section.3}{Desarrollo}{}% 3
\BOOKMARK [2][-]{subsection.3.1}{\277Por qu\351 una matriz Banda?}{section.3}% 4
\BOOKMARK [2][-]{subsection.3.2}{Estructura de la matriz bandas}{section.3}% 5
\BOOKMARK [2][-]{subsection.3.3}{Eliminacion Gaussiana para matriz Banda}{section.3}% 6
\BOOKMARK [2][-]{subsection.3.4}{BackWard Substitution para matriz Banda}{section.3}% 7
\BOOKMARK [2][-]{subsection.3.5}{Matriz LU para matriz Banda}{section.3}% 8
\BOOKMARK [2][-]{subsection.3.6}{Experimento 1}{section.3}% 9
\BOOKMARK [3][-]{subsubsection.3.6.1}{Hip\363tesis}{subsection.3.6}% 10
\BOOKMARK [2][-]{subsection.3.7}{Experimento 2}{section.3}% 11
\BOOKMARK [3][-]{subsubsection.3.7.1}{Eliminaci\363n Gaussiana vs Factorizaci\363n LU}{subsection.3.7}% 12
\BOOKMARK [3][-]{subsubsection.3.7.2}{Experimento: calidad/tiempo de c\363mputo}{subsection.3.7}% 13
\BOOKMARK [2][-]{subsection.3.8}{C\341lculo de la temperatura en el punto cr\355tico}{section.3}% 14
\BOOKMARK [2][-]{subsection.3.9}{Experimento 3}{section.3}% 15
\BOOKMARK [3][-]{subsubsection.3.9.1}{Eliminar sanguijuela}{subsection.3.9}% 16
\BOOKMARK [1][-]{section.4}{Resultados}{}% 17
\BOOKMARK [2][-]{subsection.4.1}{Experimento 1}{section.4}% 18
\BOOKMARK [3][-]{subsubsection.4.1.1}{Primer caso}{subsection.4.1}% 19
\BOOKMARK [3][-]{subsubsection.4.1.2}{Segundo caso}{subsection.4.1}% 20
\BOOKMARK [3][-]{subsubsection.4.1.3}{Tercer caso}{subsection.4.1}% 21
\BOOKMARK [3][-]{subsubsection.4.1.4}{Cuarto caso}{subsection.4.1}% 22
\BOOKMARK [2][-]{subsection.4.2}{Experimento 2}{section.4}% 23
\BOOKMARK [3][-]{subsubsection.4.2.1}{Experimento relaci\363n tiempo-calidad de c\363mputo}{subsection.4.2}% 24
\BOOKMARK [2][-]{subsection.4.3}{Experimento 3}{section.4}% 25
\BOOKMARK [3][-]{subsubsection.4.3.1}{Experimento para Hip\363tesis 1}{subsection.4.3}% 26
\BOOKMARK [3][-]{subsubsection.4.3.2}{Experimento para Hip\363tesis 2}{subsection.4.3}% 27
\BOOKMARK [1][-]{section.5}{Discusi\363n}{}% 28
\BOOKMARK [2][-]{subsection.5.1}{Experimento 1}{section.5}% 29
\BOOKMARK [2][-]{subsection.5.2}{Experimento 2}{section.5}% 30
\BOOKMARK [3][-]{subsubsection.5.2.1}{Hip\363tesis planteadas sobre calidad/tiempo de c\363mputo}{subsection.5.2}% 31
\BOOKMARK [2][-]{subsection.5.3}{Experimento 3}{section.5}% 32
\BOOKMARK [1][-]{section.6}{Conclusiones}{}% 33
\BOOKMARK [1][-]{section.7}{Ap\351ndices}{}% 34
